TN:
SF:src/index.ts
FN:62,selectHtmlEntry
FN:74,selectHtmlEntries
FN:84,normalizeConverterOutput
FN:130,generateGutenberg
FN:257,generateMultiPageGutenberg
FN:383,generatePluginZipBuffer
FN:437,generateMultiBlockPluginZipBuffer
FN:449,loadHtmlToGutenberg
FN:464,createPluginZipArtifact
FN:482,createMultiBlockPluginZipArtifact
FN:499,generateReactZipBuffer
FN:534,generateMultiReactZipBuffer
FN:573,convertHtmlToJsx
FN:594,addMultiBlockPluginFiles
FN:625,normalizePageBlock
FN:649,blockHtmlForPlugin
FN:654,buildMultiBlockPluginIndexPhp
FN:674,uniqueSlug
FN:688,stripGutenbergBlockWrapper
FN:694,addFilesToZip
FN:712,firstString
FN:716,toGeneratedFiles
FN:732,isGeneratedFileName
FN:736,normalizeGeneratedFileName
FN:740,extractBlocksFromGeneratedFiles
FN:755,inferBlockIdentity
FN:768,slugify
FN:777,writeGeneratedFileArtifacts
FN:803,contentTypeForGeneratedFile
FN:811,ensureGutenbergMarkup
FN:821,containsGutenbergBlock
FN:825,looksLikeGeneratedGutenbergJsx
FN:829,normalizeHtmlAttributes
FN:835,normalizeBlock
FN:851,extractBlocksFromMarkup
FN:874,normalizeBlockName
FN:878,ensureUsableGeneratedFiles
FN:899,sanitizeGeneratedFiles
FN:907,isSchemaOnlyScript
FN:920,isUsableBlockJs
FN:924,buildGeneratedBlockMarkup
FN:935,extractBlockName
FN:939,extractBlockNames
FN:945,fallbackBlockName
FN:951,slugifyBlockSegment
FN:956,buildFallbackBlockJs
FN:980,buildFallbackIndexPhp
FN:1020,phpSingleQuote
FN:1024,splitHtmlIntoBlockSections
FN:1052,extractBodyHtml
FN:1063,collectElementSections
FN:1087,collectImmediateChildSections
FN:1115,findMatchingElementEnd
FN:1135,inferSectionTitle
FN:1147,sectionBlockName
FN:1154,firstElementTagName
FN:1158,extractOpeningTagAttributes
FN:1173,stripHtml
FN:1177,titleCase
FN:1181,isVoidElement
FN:1185,escapeRegExp
FN:1189,extractStyleContents
FN:1196,extractExecutableScriptContents
FN:1204,stripDangerousDocumentScripts
FN:1208,writeGeneratedFilesToDirectory
FN:1216,addSourceAssetsToZip
FN:1252,extractStyleTokens
FN:1286,extractAssets
FN:1313,extractRemoteAssetUrls
FN:1334,addAssetUrl
FN:1342,isStyleSourceFile
FN:1346,uniqueMatches
FN:1350,uniqueDeclarationValues
FN:1355,extractTailwindTokens
FN:1370,extractObjectLikeValues
FN:1386,extractObjectLikeSection
FN:1405,looksLikeColorToken
FN:1409,mergeUnique
FN:1413,safeText
FN:1417,assetKind
FN:1427,isAssetPath
FN:1431,isBundleAsset
FN:1435,toComponentName
FNF:83
FNH:77
FNDA:5,selectHtmlEntry
FNDA:5,selectHtmlEntries
FNDA:19,normalizeConverterOutput
FNDA:4,generateGutenberg
FNDA:1,generateMultiPageGutenberg
FNDA:1,generatePluginZipBuffer
FNDA:1,generateMultiBlockPluginZipBuffer
FNDA:1,loadHtmlToGutenberg
FNDA:3,createPluginZipArtifact
FNDA:1,createMultiBlockPluginZipArtifact
FNDA:0,generateReactZipBuffer
FNDA:0,generateMultiReactZipBuffer
FNDA:0,convertHtmlToJsx
FNDA:2,addMultiBlockPluginFiles
FNDA:2,normalizePageBlock
FNDA:4,blockHtmlForPlugin
FNDA:2,buildMultiBlockPluginIndexPhp
FNDA:8,uniqueSlug
FNDA:6,stripGutenbergBlockWrapper
FNDA:5,addFilesToZip
FNDA:28,firstString
FNDA:15,toGeneratedFiles
FNDA:18,isGeneratedFileName
FNDA:11,normalizeGeneratedFileName
FNDA:6,extractBlocksFromGeneratedFiles
FNDA:9,inferBlockIdentity
FNDA:63,slugify
FNDA:3,writeGeneratedFileArtifacts
FNDA:3,contentTypeForGeneratedFile
FNDA:14,ensureGutenbergMarkup
FNDA:15,containsGutenbergBlock
FNDA:11,looksLikeGeneratedGutenbergJsx
FNDA:39,normalizeHtmlAttributes
FNDA:2,normalizeBlock
FNDA:13,extractBlocksFromMarkup
FNDA:12,normalizeBlockName
FNDA:6,ensureUsableGeneratedFiles
FNDA:6,sanitizeGeneratedFiles
FNDA:6,isSchemaOnlyScript
FNDA:10,isUsableBlockJs
FNDA:6,buildGeneratedBlockMarkup
FNDA:12,extractBlockName
FNDA:12,extractBlockNames
FNDA:24,fallbackBlockName
FNDA:46,slugifyBlockSegment
FNDA:6,buildFallbackBlockJs
FNDA:6,buildFallbackIndexPhp
FNDA:28,phpSingleQuote
FNDA:3,splitHtmlIntoBlockSections
FNDA:21,extractBodyHtml
FNDA:6,collectElementSections
FNDA:3,collectImmediateChildSections
FNDA:6,findMatchingElementEnd
FNDA:3,inferSectionTitle
FNDA:0,sectionBlockName
FNDA:9,firstElementTagName
FNDA:15,extractOpeningTagAttributes
FNDA:3,stripHtml
FNDA:9,titleCase
FNDA:3,isVoidElement
FNDA:27,escapeRegExp
FNDA:10,extractStyleContents
FNDA:2,extractExecutableScriptContents
FNDA:6,stripDangerousDocumentScripts
FNDA:2,writeGeneratedFilesToDirectory
FNDA:4,addSourceAssetsToZip
FNDA:4,extractStyleTokens
FNDA:4,extractAssets
FNDA:4,extractRemoteAssetUrls
FNDA:2,addAssetUrl
FNDA:8,isStyleSourceFile
FNDA:5,uniqueMatches
FNDA:16,uniqueDeclarationValues
FNDA:4,extractTailwindTokens
FNDA:3,extractObjectLikeValues
FNDA:5,extractObjectLikeSection
FNDA:0,looksLikeColorToken
FNDA:16,mergeUnique
FNDA:3,safeText
FNDA:3,assetKind
FNDA:10,isAssetPath
FNDA:11,isBundleAsset
FNDA:0,toComponentName
DA:1,1
DA:62,1
DA:63,5
DA:64,5
DA:65,5
DA:67,5
DA:68,1
DA:69,1
DA:71,4
DA:72,4
DA:74,1
DA:75,5
DA:77,5
DA:78,1
DA:79,1
DA:81,4
DA:82,4
DA:84,1
DA:85,19
DA:86,19
DA:87,19
DA:88,19
DA:89,19
DA:90,3
DA:92,3
DA:93,3
DA:94,3
DA:95,3
DA:96,3
DA:98,19
DA:99,15
DA:101,15
DA:102,5
DA:103,5
DA:105,5
DA:106,5
DA:107,5
DA:108,5
DA:109,5
DA:110,5
DA:111,5
DA:113,10
DA:114,15
DA:115,15
DA:116,1
DA:117,9
DA:119,15
DA:120,15
DA:122,1
DA:124,1
DA:125,1
DA:126,1
DA:127,1
DA:128,1
DA:130,4
DA:131,4
DA:132,4
DA:133,1
DA:134,1
DA:136,3
DA:137,3
DA:139,0
DA:142,0
DA:144,3
DA:145,3
DA:146,3
DA:148,3
DA:149,3
DA:150,0
DA:151,3
DA:152,3
DA:153,3
DA:154,3
DA:155,3
DA:156,3
DA:157,3
DA:158,3
DA:159,3
DA:160,3
DA:161,3
DA:162,4
DA:163,0
DA:164,0
DA:165,4
DA:166,0
DA:167,0
DA:168,0
DA:170,3
DA:171,4
DA:172,0
DA:173,0
DA:174,0
DA:175,0
DA:176,0
DA:177,0
DA:178,0
DA:179,0
DA:180,4
DA:181,4
DA:182,1
DA:183,1
DA:185,3
DA:186,3
DA:187,4
DA:188,0
DA:189,0
DA:190,0
DA:191,0
DA:192,0
DA:193,0
DA:194,0
DA:195,0
DA:196,0
DA:197,0
DA:198,0
DA:199,0
DA:200,0
DA:201,0
DA:202,0
DA:204,3
DA:205,0
DA:206,3
DA:208,3
DA:209,3
DA:210,3
DA:211,3
DA:212,3
DA:213,3
DA:214,3
DA:215,3
DA:216,3
DA:217,3
DA:218,3
DA:219,3
DA:220,3
DA:221,3
DA:222,3
DA:223,3
DA:224,3
DA:225,3
DA:227,3
DA:228,3
DA:229,3
DA:230,3
DA:232,3
DA:233,3
DA:234,3
DA:235,3
DA:236,3
DA:237,3
DA:238,3
DA:239,3
DA:240,3
DA:241,3
DA:242,3
DA:243,3
DA:244,3
DA:245,3
DA:246,3
DA:247,4
DA:248,4
DA:249,4
DA:250,4
DA:251,4
DA:253,3
DA:254,3
DA:255,4
DA:257,1
DA:258,1
DA:259,0
DA:260,0
DA:265,0
DA:267,1
DA:268,2
DA:269,2
DA:270,2
DA:272,2
DA:273,2
DA:274,2
DA:276,2
DA:277,2
DA:278,0
DA:279,2
DA:280,2
DA:281,2
DA:282,2
DA:283,2
DA:284,2
DA:285,2
DA:286,2
DA:287,2
DA:288,2
DA:289,2
DA:290,2
DA:291,0
DA:292,0
DA:293,0
DA:294,2
DA:295,0
DA:296,0
DA:297,0
DA:298,0
DA:300,2
DA:301,2
DA:302,0
DA:303,0
DA:304,0
DA:305,0
DA:306,0
DA:307,0
DA:308,0
DA:309,0
DA:310,2
DA:312,2
DA:313,2
DA:314,2
DA:315,2
DA:316,2
DA:317,2
DA:318,2
DA:319,2
DA:320,2
DA:321,2
DA:323,1
DA:324,1
DA:325,1
DA:326,1
DA:327,1
DA:328,1
DA:329,1
DA:330,1
DA:331,1
DA:332,2
DA:333,2
DA:334,2
DA:335,2
DA:336,2
DA:337,1
DA:338,1
DA:339,1
DA:340,1
DA:341,1
DA:342,1
DA:343,1
DA:344,1
DA:345,1
DA:346,1
DA:347,1
DA:348,1
DA:349,1
DA:350,1
DA:351,1
DA:352,1
DA:353,1
DA:354,1
DA:355,1
DA:357,1
DA:358,1
DA:359,1
DA:360,1
DA:361,1
DA:362,1
DA:363,1
DA:364,1
DA:365,1
DA:366,1
DA:367,1
DA:368,1
DA:369,1
DA:370,1
DA:371,1
DA:372,1
DA:373,1
DA:374,1
DA:375,1
DA:376,1
DA:377,1
DA:378,1
DA:379,1
DA:380,1
DA:381,1
DA:383,1
DA:390,1
DA:391,1
DA:392,0
DA:393,1
DA:395,1
DA:396,1
DA:398,1
DA:399,0
DA:400,1
DA:401,1
DA:402,1
DA:403,1
DA:404,1
DA:405,1
DA:406,1
DA:407,1
DA:408,1
DA:409,1
DA:410,1
DA:411,1
DA:412,1
DA:413,1
DA:414,0
DA:415,0
DA:416,1
DA:418,1
DA:419,1
DA:420,1
DA:421,1
DA:422,1
DA:423,1
DA:424,1
DA:425,1
DA:426,1
DA:427,1
DA:429,1
DA:430,1
DA:431,1
DA:432,1
DA:433,1
DA:434,1
DA:435,1
DA:437,1
DA:442,1
DA:443,1
DA:444,1
DA:445,1
DA:446,1
DA:464,3
DA:465,3
DA:466,3
DA:467,3
DA:468,3
DA:469,3
DA:470,3
DA:471,3
DA:472,3
DA:473,3
DA:474,3
DA:476,3
DA:477,3
DA:479,3
DA:480,3
DA:482,1
DA:483,1
DA:484,1
DA:485,1
DA:486,1
DA:487,1
DA:488,1
DA:489,1
DA:490,1
DA:491,1
DA:493,1
DA:494,1
DA:496,1
DA:497,1
DA:499,0
DA:505,0
DA:506,0
DA:507,0
DA:509,0
DA:510,0
DA:511,0
DA:512,0
DA:513,0
DA:514,0
DA:516,0
DA:518,0
DA:519,0
DA:520,0
DA:521,0
DA:523,0
DA:525,0
DA:526,0
DA:527,0
DA:529,0
DA:531,0
DA:532,0
DA:534,0
DA:539,0
DA:540,0
DA:542,0
DA:543,0
DA:544,0
DA:545,0
DA:546,0
DA:547,0
DA:549,0
DA:550,0
DA:551,0
DA:552,0
DA:554,0
DA:555,0
DA:556,0
DA:557,0
DA:558,0
DA:559,0
DA:560,0
DA:561,0
DA:562,0
DA:563,0
DA:565,0
DA:566,0
DA:567,0
DA:569,0
DA:570,0
DA:571,0
DA:573,0
DA:574,0
DA:575,0
DA:576,0
DA:577,0
DA:578,0
DA:580,0
DA:581,0
DA:582,0
DA:583,0
DA:584,0
DA:585,0
DA:586,0
DA:587,0
DA:588,0
DA:589,0
DA:590,0
DA:591,0
DA:592,0
DA:594,2
DA:595,2
DA:596,2
DA:597,2
DA:598,4
DA:599,4
DA:600,4
DA:601,4
DA:602,4
DA:603,4
DA:604,4
DA:605,4
DA:607,4
DA:608,2
DA:610,2
DA:612,2
DA:613,4
DA:614,4
DA:616,4
DA:617,4
DA:618,4
DA:619,4
DA:620,4
DA:621,4
DA:622,4
DA:623,2
DA:625,2
DA:626,2
DA:627,2
DA:628,2
DA:629,2
DA:630,2
DA:631,2
DA:632,0
DA:633,0
DA:634,0
DA:635,0
DA:637,2
DA:638,2
DA:639,2
DA:640,2
DA:641,2
DA:642,2
DA:643,2
DA:644,2
DA:645,2
DA:646,2
DA:647,2
DA:649,4
DA:650,4
DA:651,4
DA:652,4
DA:654,2
DA:655,2
DA:656,2
DA:657,2
DA:659,2
DA:670,2
DA:672,2
DA:674,8
DA:675,8
DA:676,8
DA:677,8
DA:679,8
DA:680,0
DA:681,0
DA:682,0
DA:684,8
DA:685,8
DA:686,8
DA:688,6
DA:689,6
DA:690,6
DA:691,6
DA:692,6
DA:694,5
DA:695,5
DA:697,5
DA:698,12
DA:700,12
DA:701,1
DA:702,1
DA:703,1
DA:704,1
DA:705,12
DA:706,11
DA:707,11
DA:708,11
DA:709,12
DA:710,5
DA:712,28
DA:713,28
DA:714,28
DA:716,15
DA:717,15
DA:718,1
DA:719,1
DA:721,14
DA:722,14
DA:723,14
DA:725,15
DA:726,9
DA:727,9
DA:729,5
DA:730,5
DA:732,18
DA:733,18
DA:734,18
DA:736,11
DA:737,11
DA:738,11
DA:740,6
DA:741,6
DA:742,6
DA:743,6
DA:745,6
DA:746,6
DA:747,6
DA:748,6
DA:749,6
DA:750,6
DA:751,6
DA:752,6
DA:753,6
DA:755,9
DA:756,9
DA:757,9
DA:758,9
DA:759,9
DA:760,9
DA:761,9
DA:762,9
DA:763,9
DA:765,9
DA:766,9
DA:768,63
DA:769,63
DA:770,63
DA:771,63
DA:772,63
DA:773,63
DA:774,63
DA:775,63
DA:777,3
DA:778,3
DA:779,3
DA:780,3
DA:781,3
DA:782,3
DA:783,2
DA:784,2
DA:786,1
DA:788,3
DA:789,3
DA:790,3
DA:791,3
DA:792,3
DA:793,3
DA:794,3
DA:795,3
DA:796,3
DA:797,3
DA:798,3
DA:800,1
DA:801,1
DA:803,3
DA:804,3
DA:805,3
DA:806,1
DA:809,0
DA:811,14
DA:812,14
DA:814,14
DA:815,4
DA:816,4
DA:818,10
DA:819,10
DA:821,15
DA:822,15
DA:823,15
DA:825,11
DA:826,11
DA:827,11
DA:829,39
DA:830,39
DA:831,39
DA:832,39
DA:833,39
DA:835,2
DA:836,2
DA:837,1
DA:838,1
DA:839,1
DA:840,1
DA:841,1
DA:842,1
DA:844,1
DA:845,1
DA:846,1
DA:847,2
DA:848,2
DA:849,2
DA:851,13
DA:852,13
DA:853,13
DA:855,13
DA:856,1
DA:857,1
DA:859,12
DA:860,11
DA:861,11
DA:862,11
DA:863,12
DA:865,12
DA:866,1
DA:867,1
DA:868,1
DA:869,12
DA:871,12
DA:872,12
DA:874,12
DA:875,12
DA:876,12
DA:878,6
DA:879,6
DA:880,6
DA:881,6
DA:882,6
DA:883,6
DA:884,6
DA:885,4
DA:886,4
DA:888,2
DA:889,2
DA:890,6
DA:891,6
DA:892,6
DA:893,6
DA:894,6
DA:895,6
DA:896,6
DA:897,6
DA:899,6
DA:900,6
DA:901,6
DA:902,1
DA:903,1
DA:904,6
DA:905,6
DA:907,6
DA:908,6
DA:909,1
DA:910,6
DA:912,1
DA:913,1
DA:914,6
DA:915,6
DA:916,0
DA:917,0
DA:918,6
DA:920,10
DA:921,10
DA:922,10
DA:924,6
DA:925,6
DA:926,6
DA:927,6
DA:928,6
DA:929,6
DA:930,6
DA:932,6
DA:933,6
DA:935,12
DA:936,12
DA:937,12
DA:939,12
DA:940,12
DA:942,10
DA:943,10
DA:945,24
DA:946,24
DA:948,24
DA:949,24
DA:951,46
DA:952,46
DA:953,46
DA:954,46
DA:956,6
DA:957,6
DA:958,6
DA:960,6
DA:963,6
DA:965,6
DA:966,6
DA:978,6
DA:980,6
DA:981,6
DA:982,6
DA:983,6
DA:984,6
DA:985,6
DA:986,6
DA:989,6
DA:991,6
DA:1002,6
DA:1009,6
DA:1015,6
DA:1018,6
DA:1020,28
DA:1021,28
DA:1022,28
DA:1024,3
DA:1025,3
DA:1026,3
DA:1027,3
DA:1028,0
DA:1029,3
DA:1030,3
DA:1031,0
DA:1032,3
DA:1033,3
DA:1034,0
DA:1035,3
DA:1036,3
DA:1038,3
DA:1039,3
DA:1041,3
DA:1042,3
DA:1043,3
DA:1044,3
DA:1045,3
DA:1046,3
DA:1047,3
DA:1048,3
DA:1049,3
DA:1050,3
DA:1052,21
DA:1053,21
DA:1054,21
DA:1056,21
DA:1057,21
DA:1058,21
DA:1059,21
DA:1060,21
DA:1061,21
DA:1063,6
DA:1064,6
DA:1065,6
DA:1066,6
DA:1068,6
DA:1069,3
DA:1070,3
DA:1072,3
DA:1073,3
DA:1074,3
DA:1076,3
DA:1077,3
DA:1078,3
DA:1079,3
DA:1080,3
DA:1081,3
DA:1082,3
DA:1084,6
DA:1085,6
DA:1087,3
DA:1088,3
DA:1089,3
DA:1090,3
DA:1092,3
DA:1093,3
DA:1094,3
DA:1095,3
DA:1097,3
DA:1098,3
DA:1099,3
DA:1100,0
DA:1101,0
DA:1102,0
DA:1103,0
DA:1105,3
DA:1106,3
DA:1108,3
DA:1109,3
DA:1110,3
DA:1112,3
DA:1113,3
DA:1115,6
DA:1116,6
DA:1117,6
DA:1118,6
DA:1120,6
DA:1121,6
DA:1122,6
DA:1123,6
DA:1124,6
DA:1125,6
DA:1126,6
DA:1127,6
DA:1128,0
DA:1129,0
DA:1130,6
DA:1132,0
DA:1133,0
DA:1135,3
DA:1136,3
DA:1137,3
DA:1138,3
DA:1139,3
DA:1140,3
DA:1141,3
DA:1143,3
DA:1144,3
DA:1145,3
DA:1147,0
DA:1148,0
DA:1149,0
DA:1151,0
DA:1152,0
DA:1154,9
DA:1155,9
DA:1156,9
DA:1158,15
DA:1159,15
DA:1160,15
DA:1161,15
DA:1162,15
DA:1164,15
DA:1165,3
DA:1166,3
DA:1167,3
DA:1168,3
DA:1170,15
DA:1171,15
DA:1173,3
DA:1174,3
DA:1175,3
DA:1177,9
DA:1178,9
DA:1179,9
DA:1181,3
DA:1182,3
DA:1183,3
DA:1185,27
DA:1186,27
DA:1187,27
DA:1189,10
DA:1190,10
DA:1191,10
DA:1192,10
DA:1193,10
DA:1194,10
DA:1196,2
DA:1197,2
DA:1198,2
DA:1199,2
DA:1200,2
DA:1201,2
DA:1202,2
DA:1204,6
DA:1205,6
DA:1206,6
DA:1208,2
DA:1209,2
DA:1211,2
DA:1212,9
DA:1213,9
DA:1214,2
DA:1216,4
DA:1217,4
DA:1218,4
DA:1219,4
DA:1221,4
DA:1222,8
DA:1223,3
DA:1225,1
DA:1227,8
DA:1230,0
DA:1231,0
DA:1232,0
DA:1233,0
DA:1234,0
DA:1235,0
DA:1236,0
DA:1237,0
DA:1238,0
DA:1239,0
DA:1240,0
DA:1241,8
DA:1242,1
DA:1243,1
DA:1244,0
DA:1245,1
DA:1246,1
DA:1248,1
DA:1249,1
DA:1250,4
DA:1252,4
DA:1253,4
DA:1254,4
DA:1255,4
DA:1256,4
DA:1257,4
DA:1258,4
DA:1259,4
DA:1260,4
DA:1261,4
DA:1262,4
DA:1263,4
DA:1264,4
DA:1265,4
DA:1266,4
DA:1267,4
DA:1268,4
DA:1269,4
DA:1270,4
DA:1271,4
DA:1272,4
DA:1273,4
DA:1275,4
DA:1276,4
DA:1277,4
DA:1278,4
DA:1279,4
DA:1280,4
DA:1281,4
DA:1282,4
DA:1283,4
DA:1284,4
DA:1286,4
DA:1287,4
DA:1288,4
DA:1289,4
DA:1290,1
DA:1291,1
DA:1292,1
DA:1293,1
DA:1294,1
DA:1295,1
DA:1296,4
DA:1297,4
DA:1298,2
DA:1299,2
DA:1300,2
DA:1301,2
DA:1302,4
DA:1303,4
DA:1305,4
DA:1306,3
DA:1307,3
DA:1308,3
DA:1309,3
DA:1310,4
DA:1311,4
DA:1313,4
DA:1314,4
DA:1315,4
DA:1316,4
DA:1317,4
DA:1319,4
DA:1320,2
DA:1321,2
DA:1323,4
DA:1324,0
DA:1325,0
DA:1327,4
DA:1328,0
DA:1329,0
DA:1331,4
DA:1332,4
DA:1334,2
DA:1335,2
DA:1336,2
DA:1337,2
DA:1338,2
DA:1339,2
DA:1340,2
DA:1342,8
DA:1343,8
DA:1344,8
DA:1346,5
DA:1347,5
DA:1348,5
DA:1350,16
DA:1351,16
DA:1352,16
DA:1353,16
DA:1355,4
DA:1356,4
DA:1357,3
DA:1358,3
DA:1360,1
DA:1361,1
DA:1362,1
DA:1363,1
DA:1364,1
DA:1365,1
DA:1366,1
DA:1367,1
DA:1368,1
DA:1370,3
DA:1371,3
DA:1373,3
DA:1374,5
DA:1375,5
DA:1377,0
DA:1378,0
DA:1379,0
DA:1380,0
DA:1381,0
DA:1383,3
DA:1384,3
DA:1386,5
DA:1387,5
DA:1388,5
DA:1390,0
DA:1391,0
DA:1393,0
DA:1394,0
DA:1395,0
DA:1396,0
DA:1397,0
DA:1398,0
DA:1399,0
DA:1400,0
DA:1402,0
DA:1403,0
DA:1405,0
DA:1406,0
DA:1407,0
DA:1409,16
DA:1410,16
DA:1411,16
DA:1413,3
DA:1414,3
DA:1415,3
DA:1417,3
DA:1418,3
DA:1419,3
DA:1420,3
DA:1421,3
DA:1422,3
DA:1423,0
DA:1424,0
DA:1425,0
DA:1427,10
DA:1428,10
DA:1429,10
DA:1431,11
DA:1432,11
DA:1433,11
DA:1435,0
DA:1436,0
DA:1437,0
DA:1438,0
DA:1439,0
DA:1440,0
DA:1441,0
LF:1086
LH:889
BRDA:62,0,0,5
BRDA:65,1,0,1
BRDA:67,2,0,1
BRDA:69,3,0,4
BRDA:63,4,0,8
BRDA:64,5,0,5
BRDA:74,6,0,5
BRDA:77,7,0,1
BRDA:79,8,0,4
BRDA:75,9,0,9
BRDA:84,10,0,19
BRDA:89,11,0,3
BRDA:96,12,0,16
BRDA:98,13,0,15
BRDA:98,14,0,15
BRDA:101,15,0,5
BRDA:109,16,0,3
BRDA:109,17,0,2
BRDA:111,18,0,10
BRDA:114,19,0,6
BRDA:115,20,0,2
BRDA:115,21,0,1
BRDA:116,22,0,9
BRDA:120,23,0,1
BRDA:116,24,0,2
BRDA:130,25,0,4
BRDA:132,26,0,1
BRDA:134,27,0,3
BRDA:138,28,0,1
BRDA:138,29,0,1
BRDA:142,30,0,3
BRDA:149,31,0,0
BRDA:150,32,0,3
BRDA:161,33,0,3
BRDA:162,34,0,0
BRDA:165,35,0,0
BRDA:168,36,0,3
BRDA:171,37,0,2
BRDA:171,38,0,0
BRDA:179,39,0,3
BRDA:180,40,0,2
BRDA:181,41,0,1
BRDA:183,42,0,3
BRDA:187,43,0,0
BRDA:202,44,0,3
BRDA:204,45,0,0
BRDA:205,46,0,3
BRDA:206,47,0,3
BRDA:251,48,0,3
BRDA:160,49,0,5
BRDA:227,50,0,3
BRDA:257,51,0,1
BRDA:258,52,0,0
BRDA:258,53,0,0
BRDA:267,54,0,2
BRDA:277,55,0,0
BRDA:290,56,0,0
BRDA:294,57,0,0
BRDA:301,58,0,0
BRDA:341,59,0,0
BRDA:361,60,0,0
BRDA:288,61,0,6
BRDA:323,62,0,2
BRDA:324,63,0,2
BRDA:325,64,0,2
BRDA:331,65,0,2
BRDA:338,66,0,2
BRDA:383,67,0,1
BRDA:391,68,0,0
BRDA:391,69,0,0
BRDA:398,70,0,0
BRDA:413,71,0,0
BRDA:427,72,0,0
BRDA:437,73,0,1
BRDA:464,74,0,3
BRDA:482,75,0,1
BRDA:594,76,0,2
BRDA:612,77,0,4
BRDA:614,78,0,0
BRDA:597,79,0,4
BRDA:598,80,0,0
BRDA:600,81,0,0
BRDA:600,82,0,0
BRDA:601,83,0,0
BRDA:625,84,0,2
BRDA:631,85,0,0
BRDA:645,86,0,0
BRDA:649,87,0,4
BRDA:650,88,0,0
BRDA:654,89,0,2
BRDA:656,90,0,4
BRDA:674,91,0,8
BRDA:675,92,0,0
BRDA:679,93,0,0
BRDA:688,94,0,6
BRDA:691,95,0,0
BRDA:694,96,0,5
BRDA:697,97,0,12
BRDA:700,98,0,1
BRDA:705,99,0,11
BRDA:712,100,0,28
BRDA:713,101,0,44
BRDA:713,102,0,18
BRDA:716,103,0,15
BRDA:717,104,0,1
BRDA:719,105,0,14
BRDA:725,106,0,9
BRDA:727,107,0,5
BRDA:722,108,0,17
BRDA:722,109,0,15
BRDA:729,110,0,11
BRDA:732,111,0,18
BRDA:736,112,0,11
BRDA:737,113,0,0
BRDA:740,114,0,6
BRDA:741,115,0,1
BRDA:742,116,0,0
BRDA:743,117,0,0
BRDA:748,118,0,0
BRDA:755,119,0,9
BRDA:758,120,0,3
BRDA:758,121,0,3
BRDA:758,122,0,6
BRDA:759,123,0,0
BRDA:762,124,0,14
BRDA:768,125,0,63
BRDA:777,126,0,3
BRDA:782,127,0,2
BRDA:784,128,0,1
BRDA:798,129,0,1
BRDA:803,130,0,3
BRDA:804,131,0,1
BRDA:804,132,0,2
BRDA:805,133,0,1
BRDA:806,134,0,0
BRDA:811,135,0,14
BRDA:814,136,0,4
BRDA:816,137,0,10
BRDA:821,138,0,15
BRDA:825,139,0,11
BRDA:829,140,0,39
BRDA:835,141,0,2
BRDA:836,142,0,1
BRDA:839,143,0,0
BRDA:847,144,0,0
BRDA:851,145,0,13
BRDA:855,146,0,2
BRDA:855,147,0,1
BRDA:857,148,0,12
BRDA:859,149,0,11
BRDA:861,150,0,0
BRDA:862,151,0,0
BRDA:865,152,0,1
BRDA:867,153,0,0
BRDA:874,154,0,12
BRDA:875,155,0,1
BRDA:875,156,0,11
BRDA:878,157,0,6
BRDA:884,158,0,5
BRDA:884,159,0,4
BRDA:886,160,0,2
BRDA:890,161,0,1
BRDA:891,162,0,2
BRDA:891,163,0,1
BRDA:892,164,0,2
BRDA:895,165,0,2
BRDA:899,166,0,6
BRDA:901,167,0,1
BRDA:907,168,0,6
BRDA:908,169,0,5
BRDA:908,170,0,1
BRDA:910,171,0,0
BRDA:910,172,0,1
BRDA:914,173,0,0
BRDA:915,174,0,0
BRDA:920,175,0,10
BRDA:921,176,0,6
BRDA:921,177,0,6
BRDA:924,178,0,6
BRDA:929,179,0,1
BRDA:930,180,0,0
BRDA:935,181,0,12
BRDA:939,182,0,12
BRDA:940,183,0,2
BRDA:940,184,0,10
BRDA:942,185,0,10
BRDA:945,186,0,24
BRDA:946,187,0,1
BRDA:946,188,0,23
BRDA:948,189,0,0
BRDA:951,190,0,46
BRDA:953,191,0,0
BRDA:956,192,0,6
BRDA:958,193,0,0
BRDA:980,194,0,6
BRDA:1020,195,0,28
BRDA:1024,196,0,3
BRDA:1027,197,0,0
BRDA:1030,198,0,0
BRDA:1033,199,0,0
BRDA:1035,200,0,0
BRDA:1035,201,0,0
BRDA:1038,202,0,3
BRDA:1043,203,0,0
BRDA:1052,204,0,21
BRDA:1053,205,0,0
BRDA:1054,206,0,0
BRDA:1063,207,0,6
BRDA:1068,208,0,3
BRDA:1069,209,0,0
BRDA:1070,210,0,0
BRDA:1072,211,0,0
BRDA:1074,212,0,0
BRDA:1084,213,0,3
BRDA:1087,214,0,3
BRDA:1095,215,0,0
BRDA:1098,216,0,0
BRDA:1099,217,0,0
BRDA:1106,218,0,0
BRDA:1112,219,0,0
BRDA:1115,220,0,6
BRDA:1125,221,0,0
BRDA:1127,222,0,0
BRDA:1130,223,0,0
BRDA:1135,224,0,3
BRDA:1136,225,0,0
BRDA:1143,226,0,0
BRDA:1143,227,0,0
BRDA:1144,228,0,0
BRDA:1154,229,0,9
BRDA:1155,230,0,0
BRDA:1158,231,0,15
BRDA:1160,232,0,0
BRDA:1164,233,0,3
BRDA:1166,234,0,0
BRDA:1167,235,0,0
BRDA:1167,236,0,0
BRDA:1167,237,0,0
BRDA:1173,238,0,3
BRDA:1177,239,0,9
BRDA:1178,240,0,9
BRDA:1181,241,0,3
BRDA:1185,242,0,27
BRDA:1189,243,0,10
BRDA:1191,244,0,1
BRDA:1196,245,0,2
BRDA:1204,246,0,6
BRDA:1208,247,0,2
BRDA:1211,248,0,9
BRDA:1216,249,0,4
BRDA:1217,250,0,3
BRDA:1217,251,0,1
BRDA:1221,252,0,8
BRDA:1222,253,0,3
BRDA:1222,254,0,5
BRDA:1222,255,0,3
BRDA:1223,256,0,2
BRDA:1223,257,0,1
BRDA:1227,258,0,0
BRDA:1241,259,0,1
BRDA:1243,260,0,0
BRDA:1245,261,0,0
BRDA:1252,262,0,4
BRDA:1256,263,0,8
BRDA:1257,264,0,2
BRDA:1261,265,0,8
BRDA:1262,266,0,1
BRDA:1263,267,0,1
BRDA:1286,268,0,4
BRDA:1289,269,0,1
BRDA:1297,270,0,2
BRDA:1305,271,0,3
BRDA:1306,272,0,2
BRDA:1306,273,0,0
BRDA:1307,274,0,0
BRDA:1313,275,0,4
BRDA:1319,276,0,2
BRDA:1323,277,0,0
BRDA:1327,278,0,0
BRDA:1334,279,0,2
BRDA:1335,280,0,0
BRDA:1337,281,0,1
BRDA:1342,282,0,8
BRDA:1343,283,0,7
BRDA:1343,284,0,7
BRDA:1346,285,0,5
BRDA:1347,286,0,2
BRDA:1350,287,0,16
BRDA:1352,288,0,2
BRDA:1352,289,0,0
BRDA:1355,290,0,4
BRDA:1356,291,0,3
BRDA:1358,292,0,1
BRDA:1370,293,0,3
BRDA:1373,294,0,5
BRDA:1375,295,0,0
BRDA:1386,296,0,5
BRDA:1388,297,0,0
BRDA:1388,298,0,0
BRDA:1409,299,0,16
BRDA:1410,300,0,4
BRDA:1413,301,0,3
BRDA:1417,302,0,3
BRDA:1418,303,0,0
BRDA:1419,304,0,2
BRDA:1419,305,0,0
BRDA:1420,306,0,0
BRDA:1421,307,0,0
BRDA:1422,308,0,0
BRDA:1427,309,0,10
BRDA:1431,310,0,11
BRDA:1432,311,0,9
BRF:312
BRH:217
end_of_record
