TN:
SF:src/index.ts
FN:26,analyzeGeneratedOutput
FN:58,generateDeterministicSuggestions
FN:96,applySuggestionToOutput
FN:126,findBySelector
FN:132,findSemanticSections
FN:137,findRepeatedSections
FN:150,candidate
FN:163,selectorFor
FN:169,extractTypography
FN:186,extractColors
FN:191,onParseError
FN:208,createSuggestion
FN:228,idsOf
FNF:13
FNH:12
FNDA:2,analyzeGeneratedOutput
FNDA:2,generateDeterministicSuggestions
FNDA:3,applySuggestionToOutput
FNDA:20,findBySelector
FNDA:8,findSemanticSections
FNDA:2,findRepeatedSections
FNDA:36,candidate
FNDA:36,selectorFor
FNDA:2,extractTypography
FNDA:2,extractColors
FNDA:0,onParseError
FNDA:1,createSuggestion
FNDA:2,idsOf
DA:1,1
DA:26,1
DA:27,2
DA:28,2
DA:31,2
DA:32,2
DA:34,2
DA:35,2
DA:36,2
DA:37,2
DA:38,2
DA:39,2
DA:40,2
DA:41,2
DA:42,2
DA:43,2
DA:44,2
DA:45,2
DA:46,2
DA:47,2
DA:48,2
DA:49,2
DA:52,2
DA:54,2
DA:55,2
DA:57,1
DA:58,2
DA:60,2
DA:61,1
DA:62,1
DA:63,1
DA:64,1
DA:65,1
DA:66,1
DA:68,2
DA:69,1
DA:70,1
DA:71,1
DA:72,1
DA:73,1
DA:74,1
DA:76,2
DA:77,1
DA:78,1
DA:79,1
DA:80,1
DA:81,1
DA:82,1
DA:84,2
DA:85,1
DA:86,1
DA:87,1
DA:88,1
DA:89,1
DA:90,1
DA:92,2
DA:93,2
DA:95,1
DA:96,3
DA:97,3
DA:98,3
DA:99,3
DA:100,3
DA:102,3
DA:103,1
DA:104,1
DA:105,1
DA:106,1
DA:107,1
DA:108,1
DA:110,2
DA:111,1
DA:112,1
DA:113,1
DA:114,1
DA:115,1
DA:117,1
DA:118,1
DA:120,1
DA:121,1
DA:122,1
DA:123,1
DA:124,1
DA:126,20
DA:127,20
DA:128,20
DA:129,20
DA:130,20
DA:132,8
DA:133,8
DA:134,8
DA:135,8
DA:137,2
DA:138,2
DA:139,2
DA:140,2
DA:141,2
DA:142,2
DA:144,2
DA:145,2
DA:146,2
DA:147,2
DA:148,2
DA:150,36
DA:151,36
DA:152,36
DA:154,36
DA:155,36
DA:156,36
DA:157,36
DA:158,36
DA:159,36
DA:160,36
DA:161,36
DA:163,36
DA:164,36
DA:165,36
DA:166,36
DA:167,36
DA:169,2
DA:170,2
DA:171,2
DA:172,2
DA:174,2
DA:175,22
DA:176,22
DA:179,2
DA:180,2
DA:181,2
DA:182,2
DA:183,2
DA:184,2
DA:186,2
DA:189,2
DA:190,2
DA:191,2
DA:192,0
DA:193,0
DA:194,2
DA:195,2
DA:197,2
DA:198,2
DA:199,12
DA:200,12
DA:202,2
DA:203,2
DA:204,2
DA:205,2
DA:206,2
DA:209,4
DA:210,4
DA:211,4
DA:212,4
DA:213,4
DA:215,4
DA:216,4
DA:217,4
DA:218,4
DA:219,4
DA:220,4
DA:221,4
DA:222,4
DA:223,4
DA:224,4
DA:225,4
DA:226,4
DA:228,2
DA:229,2
DA:230,2
LF:169
LH:167
BRDA:26,0,0,2
BRDA:29,1,0,1
BRDA:29,2,0,1
BRDA:30,3,0,1
BRDA:58,4,0,2
BRDA:61,5,0,1
BRDA:69,6,0,1
BRDA:77,7,0,1
BRDA:85,8,0,1
BRDA:96,9,0,3
BRDA:103,10,0,1
BRDA:108,11,0,2
BRDA:111,12,0,1
BRDA:126,13,0,20
BRDA:129,14,0,32
BRDA:132,15,0,8
BRDA:137,16,0,2
BRDA:140,17,0,8
BRDA:150,18,0,36
BRDA:163,19,0,36
BRDA:169,20,0,2
BRDA:175,21,0,22
BRDA:175,22,0,9
BRDA:176,23,0,1
BRDA:186,24,0,2
BRDA:199,25,0,12
BRDA:208,26,0,1
BRDA:228,27,0,2
BRDA:229,28,0,4
BRF:29
BRH:29
end_of_record
